2017-08-01 06:01:08,669 - __main__ - INFO -  chat_id - [202439042] : message - ghbhjnmk
2017-08-01 06:51:38,985 - __main__ - INFO -  chat_id - [202439042] : message - qweqwe
2017-08-01 06:52:15,266 - __main__ - INFO -  chat_id - [202439042] : Asking is started!
2017-08-01 06:52:18,867 - __main__ - INFO -  chat_id - [202439042] : message - 3
2017-08-01 06:52:21,623 - __main__ - INFO -  chat_id - [202439042] : message - панельный
2017-08-01 06:52:27,472 - __main__ - INFO -  chat_id - [202439042] : message - 200
2017-08-01 06:52:30,976 - __main__ - INFO -  chat_id - [202439042] : message - 2010
2017-08-01 06:52:40,647 - __main__ - INFO -  chat_id - [202439042] : message - 81.1
2017-08-01 06:52:51,840 - __main__ - INFO -  chat_id - [202439042] : message - мкр. Коктем-2
2017-08-01 06:52:55,564 - __main__ - INFO -  chat_id - [202439042] : message - 8
2017-08-01 06:52:56,354 - __main__ - INFO - chat_id - [202439042] : message - finished, predicted price - 30501332
2017-08-01 06:59:15,301 - __main__ - INFO -  chat_id - [202439042] : Asking is started!
2017-08-01 06:59:19,505 - __main__ - INFO -  chat_id - [202439042] : message - 3
2017-08-01 06:59:22,004 - __main__ - INFO -  chat_id - [202439042] : message - панельный
2017-08-01 06:59:26,475 - __main__ - INFO -  chat_id - [202439042] : message - 2010
2017-08-01 06:59:30,313 - __main__ - INFO -  chat_id - [202439042] : message - 81.1
2017-08-01 06:59:40,386 - __main__ - INFO -  chat_id - [202439042] : message - мкр. Коктем-2
2017-08-01 06:59:43,182 - __main__ - INFO -  chat_id - [202439042] : message - 8
2017-08-01 06:59:43,937 - __main__ - INFO - chat_id - [202439042] : message - finished, predicted price - 30501332
2017-08-01 07:08:54,892 - __main__ - INFO -  chat_id - [202439042] : Asking is started!
2017-08-01 07:08:56,396 - __main__ - INFO -  chat_id - [202439042] : message - 3
2017-08-01 07:08:57,604 - __main__ - INFO -  chat_id - [202439042] : message - панельный
2017-08-01 07:09:00,498 - __main__ - INFO -  chat_id - [202439042] : message - 2010
2017-08-01 07:09:03,954 - __main__ - INFO -  chat_id - [202439042] : message - 81.1
2017-08-01 07:09:15,984 - __main__ - INFO -  chat_id - [202439042] : message - мкр. Коктем-2
2017-08-01 07:09:19,637 - __main__ - INFO -  chat_id - [202439042] : message - 8
2017-08-01 07:09:20,239 - __main__ - INFO - chat_id - [202439042] : message - finished, predicted price - 30501332
2017-08-01 07:17:01,114 - __main__ - INFO -  chat_id - [202439042] : message - №фыл
2017-08-01 07:17:03,729 - __main__ - INFO -  chat_id - [202439042] : Asking is started!
2017-08-01 07:17:06,202 - __main__ - INFO -  chat_id - [202439042] : message - 3
2017-08-01 07:17:08,150 - __main__ - INFO -  chat_id - [202439042] : message - кирпичный
2017-08-01 07:17:11,736 - __main__ - INFO -  chat_id - [202439042] : message - 2011
2017-08-01 07:17:15,797 - __main__ - INFO -  chat_id - [202439042] : message - 82.3
2017-08-01 07:17:21,667 - __main__ - INFO -  chat_id - [202439042] : message - мкр. Коктем-2
2017-08-01 07:17:26,168 - __main__ - INFO -  chat_id - [202439042] : message - 8
2017-08-01 07:17:26,668 - __main__ - INFO - chat_id - [202439042] : message - finished, predicted price - 27223502
2017-08-01 07:17:41,888 - __main__ - INFO -  chat_id - [202439042] : message - дорого
2017-08-01 07:28:29,210 - __main__ - INFO -  chat_id - [202439042] : Asking is started!
2017-08-01 07:28:32,058 - __main__ - INFO -  chat_id - [202439042] : message - 3
2017-08-01 07:28:33,744 - __main__ - INFO -  chat_id - [202439042] : message - панельный
2017-08-01 07:28:37,102 - __main__ - INFO -  chat_id - [202439042] : message - 2010
2017-08-01 07:28:41,046 - __main__ - INFO -  chat_id - [202439042] : message - 81.1
2017-08-01 07:28:50,114 - __main__ - INFO -  chat_id - [202439042] : message - мкр. Коктем-2
2017-08-01 07:28:52,349 - __main__ - INFO -  chat_id - [202439042] : message - 8
2017-08-01 07:28:52,900 - __main__ - INFO -  chat_id - [202439042] : message - finished, predicted price - 30501332
2017-08-01 07:29:20,533 - __main__ - INFO -  chat_id - 202439042 : message - User's feedback = нормально
2017-08-01 07:29:28,981 - __main__ - INFO -  chat_id - [202439042] : message - рнггпгнпг
2017-08-01 10:25:04,428 - __main__ - INFO - 282 -  chat_id - [202439042] : Asking is started!
2017-08-01 10:25:09,017 - __main__ - INFO - 292 -  chat_id - [202439042] : message - 4
2017-08-01 10:25:12,028 - __main__ - INFO - 292 -  chat_id - [202439042] : message - каркасно-камышитовый
2017-08-01 10:25:17,439 - __main__ - INFO - 292 -  chat_id - [202439042] : message - 2004
2017-08-01 10:25:25,103 - __main__ - INFO - 292 -  chat_id - [202439042] : message - 80.8
2017-08-01 10:25:42,711 - __main__ - INFO - 292 -  chat_id - [202439042] : message - мкр. Коктем-2
2017-08-01 10:25:47,749 - __main__ - INFO - 292 -  chat_id - [202439042] : message - 3
2017-08-01 10:25:48,481 - __main__ - INFO - 338 -  chat_id - [202439042] : message - finished, predicted price - 31393324
2017-08-01 10:26:17,168 - __main__ - INFO - 305 -  chat_id - [202439042] : message - User's feedback = дешево
2017-08-01 11:10:23,047 - __main__ - INFO - 282 -  chat_id - [289574198] : Asking is started!
2017-08-01 11:10:25,965 - __main__ - INFO - 292 -  chat_id - [289574198] : message - 3
2017-08-01 11:10:28,753 - __main__ - INFO - 292 -  chat_id - [289574198] : message - кирпичный
2017-08-01 11:10:35,973 - __main__ - INFO - 292 -  chat_id - [289574198] : message - 1986
2017-08-01 11:10:41,766 - __main__ - INFO - 292 -  chat_id - [289574198] : message - 76.6
2017-08-01 11:10:59,176 - __main__ - INFO - 292 -  chat_id - [289574198] : message - Коктем-2
2017-08-01 11:11:01,005 - __main__ - INFO - 292 -  chat_id - [289574198] : message - 2
2017-08-01 11:11:01,714 - __main__ - INFO - 338 -  chat_id - [289574198] : message - finished, predicted price - 28103435
2017-08-01 11:11:27,748 - __main__ - INFO - 305 -  chat_id - [289574198] : message - User's feedback = дешево
2017-08-01 12:12:29,426 - __main__ - INFO - 366 -  chat_id - [202439042] : message - qwewqe
2017-08-01 12:12:35,636 - __main__ - INFO - 366 -  chat_id - [202439042] : message - hrththr
2017-08-01 12:17:45,339 - __main__ - INFO - 295 -  chat_id - [202439042] : Asking is started!
2017-08-01 12:17:48,840 - __main__ - INFO - 305 -  chat_id - [202439042] : message - 3
2017-08-01 12:17:51,842 - __main__ - INFO - 305 -  chat_id - [202439042] : message - панельный
2017-08-01 12:17:57,145 - __main__ - INFO - 305 -  chat_id - [202439042] : message - 200
2017-08-01 12:18:00,944 - __main__ - INFO - 305 -  chat_id - [202439042] : message - 2000
2017-08-01 12:18:09,026 - __main__ - INFO - 305 -  chat_id - [202439042] : message - 81.1
2017-08-01 12:18:38,321 - __main__ - INFO - 305 -  chat_id - [202439042] : message - мкр. Коктем-2
2017-08-01 12:18:42,732 - __main__ - INFO - 305 -  chat_id - [202439042] : message - 4
2017-08-01 12:18:43,496 - __main__ - INFO - 352 -  chat_id - [202439042] : message - finished, predicted price - 29096955
2017-08-01 12:18:54,165 - __main__ - INFO - 319 -  chat_id - [202439042] : message - User's feedback = нормально
2017-08-01 12:19:21,261 - __main__ - INFO - 366 -  chat_id - [202439042] : message - №фыл
2017-08-01 12:19:26,973 - __main__ - INFO - 295 -  chat_id - [202439042] : Asking is started!
2017-08-01 12:19:31,741 - __main__ - INFO - 305 -  chat_id - [202439042] : message - 3
2017-08-01 12:19:35,746 - __main__ - INFO - 305 -  chat_id - [202439042] : message - кирпичный
2017-08-01 12:19:40,749 - __main__ - INFO - 305 -  chat_id - [202439042] : message - 2010
2017-08-01 12:19:46,280 - __main__ - INFO - 305 -  chat_id - [202439042] : message - 56
2017-08-01 12:19:55,282 - __main__ - INFO - 305 -  chat_id - [202439042] : message - мцуцукцук
2017-08-01 12:19:58,400 - __main__ - INFO - 305 -  chat_id - [202439042] : message - 5
2017-08-01 12:19:59,051 - __main__ - INFO - 352 -  chat_id - [202439042] : message - finished, predicted price - 18137384
2017-08-01 12:21:23,694 - __main__ - INFO - 319 -  chat_id - [202439042] : message - User's feedback = нормально
2017-08-02 05:48:24,967 - __main__ - INFO - 295 -  chat_id - [289574198] : Asking is started!
2017-08-02 05:48:28,305 - __main__ - INFO - 305 -  chat_id - [289574198] : message - /ask
2017-08-02 05:48:28,318 - __main__ - INFO - 305 -  chat_id - [289574198] : message - /ask
2017-08-02 05:48:36,385 - __main__ - INFO - 305 -  chat_id - [289574198] : message - /ask
2017-08-02 05:48:36,395 - __main__ - INFO - 305 -  chat_id - [289574198] : message - /ask
2017-08-02 05:48:36,421 - __main__ - INFO - 305 -  chat_id - [289574198] : message - /ask
2017-08-02 05:49:29,606 - __main__ - INFO - 305 -  chat_id - [289574198] : message - 2
2017-08-02 05:49:29,629 - __main__ - INFO - 305 -  chat_id - [289574198] : message - 2
2017-08-02 05:49:29,648 - __main__ - INFO - 305 -  chat_id - [289574198] : message - 2
2017-08-02 05:49:40,782 - __main__ - INFO - 305 -  chat_id - [289574198] : message - кирпичный
2017-08-02 05:49:40,803 - __main__ - INFO - 305 -  chat_id - [289574198] : message - кирпичный
2017-08-02 05:49:40,843 - __main__ - INFO - 305 -  chat_id - [289574198] : message - кирпичный
2017-08-02 05:58:46,841 - __main__ - INFO - 295 -  chat_id - [202439042] : Asking is started!
2017-08-02 05:58:49,213 - __main__ - INFO - 305 -  chat_id - [202439042] : message - 3
2017-08-02 05:58:51,166 - __main__ - INFO - 305 -  chat_id - [202439042] : message - кирпичный
2017-08-02 05:59:49,544 - __main__ - INFO - 305 -  chat_id - [202439042] : message - 2010
2017-08-02 05:59:52,851 - __main__ - INFO - 305 -  chat_id - [202439042] : message - 81.2
2017-08-02 06:00:04,388 - __main__ - INFO - 305 -  chat_id - [202439042] : message - мкр. Коктем-2
2017-08-02 06:00:06,194 - __main__ - INFO - 305 -  chat_id - [202439042] : message - 8
2017-08-02 06:00:07,011 - __main__ - INFO - 352 -  chat_id - [202439042] : message - finished, predicted price - 28111777
2017-08-02 06:00:10,930 - __main__ - INFO - 319 -  chat_id - [202439042] : message - User's feedback = нормально
2017-08-02 13:42:49,603 - __main__ - INFO - 340 -  chat_id - [202439042] : message - qweqwe
2017-08-02 13:42:49,603 - __main__ - INFO - 340 -  chat_id - [202439042] : message - dsfsdfsdf
2017-08-02 13:43:30,110 - __main__ - INFO - 340 -  chat_id - [202439042] : message - eeqweqwe
2017-08-02 13:43:35,735 - __main__ - INFO - 340 -  chat_id - [202439042] : message - reertret
2017-08-02 13:43:42,789 - __main__ - INFO - 340 -  chat_id - [202439042] : message - цукцукуцавыа
2017-08-02 13:43:49,490 - __main__ - INFO - 272 -  chat_id - [202439042] : Asking is started!
2017-08-02 13:43:52,638 - __main__ - INFO - 282 -  chat_id - [202439042] : message - 3
2017-08-02 13:43:54,378 - __main__ - INFO - 282 -  chat_id - [202439042] : message - кирпичный
2017-08-02 13:43:59,761 - __main__ - INFO - 282 -  chat_id - [202439042] : message - 2010
2017-08-02 13:44:03,344 - __main__ - INFO - 282 -  chat_id - [202439042] : message - 81.1
2017-08-02 13:44:11,359 - __main__ - INFO - 282 -  chat_id - [202439042] : message - мкр. Коктем-
2017-08-02 13:44:21,270 - __main__ - INFO - 282 -  chat_id - [202439042] : message - 8
2017-08-02 13:44:21,406 - __main__ - INFO - 325 -  chat_id - [202439042] : message - finished, predicted price - 1234
2017-08-02 13:44:26,448 - __main__ - INFO - 296 -  chat_id - [202439042] : message - User's feedback = нормально
2017-08-02 13:54:01,832 - __main__ - INFO - 337 -  chat_id - [202439042] : message - qweqwe
2017-08-02 13:54:07,070 - __main__ - INFO - 337 -  chat_id - [202439042] : message - sadasd
2017-08-02 17:45:33,475 - __main__ - INFO - 218 - 2017-08-02 17:45:33.475829
2017-08-02 17:48:15,805 - __main__ - INFO - 216 - 2017-08-02 17:48:15.805694
2017-08-02 17:48:15,805 - __main__ - INFO - 223 -  chat_id - [202439042] : Asking is started!
2017-08-02 17:48:17,962 - __main__ - INFO - 236 -  chat_id - [202439042] : message - 3
2017-08-02 17:48:19,918 - __main__ - INFO - 236 -  chat_id - [202439042] : message - кирпичный
2017-08-02 17:48:23,774 - __main__ - INFO - 236 -  chat_id - [202439042] : message - 2010
2017-08-02 17:48:42,162 - __main__ - INFO - 236 -  chat_id - [202439042] : message - 21 wqe
2017-08-02 17:48:49,236 - __main__ - INFO - 236 -  chat_id - [202439042] : message - 7 изз 10
2017-08-02 17:48:52,910 - __main__ - INFO - 236 -  chat_id - [202439042] : message - 7 из 10
2017-08-02 17:49:08,225 - __main__ - INFO - 236 -  chat_id - [202439042] : message - 81.2 м2
2017-08-02 17:49:17,471 - __main__ - INFO - 236 -  chat_id - [202439042] : message - 81.2
2017-08-02 17:49:27,627 - __main__ - INFO - 236 -  chat_id - [202439042] : message - нет
2017-08-02 17:49:33,337 - __main__ - INFO - 236 -  chat_id - [202439042] : message - Алатауский р-н
2017-08-02 17:49:49,100 - __main__ - INFO - 236 -  chat_id - [202439042] : message - алатауский р-н
2017-08-02 17:50:04,905 - __main__ - INFO - 236 -  chat_id - [202439042] : message - алатауский р-н
2017-08-02 17:52:25,613 - __main__ - INFO - 236 -  chat_id - [202439042] : message - алатауский р-н
2017-08-02 17:52:39,576 - __main__ - INFO - 236 -  chat_id - [202439042] : message - алатаускийр-н
2017-08-02 17:54:48,720 - __main__ - INFO - 223 - 2017-08-02 17:54:48.720764
2017-08-02 17:54:48,720 - __main__ - INFO - 230 -  chat_id - [202439042] : Asking is started!
2017-08-02 17:54:51,881 - __main__ - INFO - 243 -  chat_id - [202439042] : message - Алатауский р-н
2017-08-02 17:55:03,984 - __main__ - INFO - 243 -  chat_id - [202439042] : message - мкр. Коктем-2
2017-08-02 17:55:07,627 - __main__ - INFO - 243 -  chat_id - [202439042] : message - 8
2017-08-02 17:55:12,742 - __main__ - INFO - 243 -  chat_id - [202439042] : message - евроремонт
2017-08-02 17:55:19,025 - __main__ - INFO - 243 -  chat_id - [202439042] : message - да
2017-08-02 17:55:21,338 - __main__ - INFO - 243 -  chat_id - [202439042] : message - ADSL
2017-08-02 17:55:31,397 - __main__ - INFO - 243 -  chat_id - [202439042] : message - через TV кабель
2017-08-02 17:55:34,970 - __main__ - INFO - 243 -  chat_id - [202439042] : message - проводной
2017-08-02 17:56:27,314 - __main__ - INFO - 243 -  chat_id - [202439042] : message - 2 с/у и более
2017-08-02 17:56:31,486 - __main__ - INFO - 243 -  chat_id - [202439042] : message - да
2017-08-02 17:56:34,331 - __main__ - INFO - 243 -  chat_id - [202439042] : message - да
2017-08-02 17:56:39,304 - __main__ - INFO - 243 -  chat_id - [202439042] : message - полностью меблирована
2017-08-02 17:56:39,305 - __main__ - INFO - 266 -  chat_id - [202439042] : message - got all data - |Алатауский р-н|мкр. Коктем-2|8|евроремонт|да|проводной|2 с/у и более|да|да|полностью меблирована
2017-08-02 17:56:39,571 - __main__ - INFO - 270 -  chat_id - [202439042] : message - finished, predicted price - 1234
2017-08-02 17:56:44,336 - __main__ - INFO - 243 -  chat_id - [202439042] : message - нормально
2017-08-02 18:01:59,584 - __main__ - INFO - 292 -  chat_id - [202439042] : message - нормально
2017-08-02 18:02:10,197 - __main__ - INFO - 223 - 2017-08-02 18:02:10.197094
2017-08-02 18:02:10,197 - __main__ - INFO - 230 -  chat_id - [202439042] : Asking is started!
2017-08-02 18:02:16,188 - __main__ - INFO - 243 -  chat_id - [202439042] : message - Алатауский р-н
2017-08-02 18:02:26,509 - __main__ - INFO - 243 -  chat_id - [202439042] : message - мкр. Коктем-2
2017-08-02 18:02:29,140 - __main__ - INFO - 243 -  chat_id - [202439042] : message - 8
2017-08-02 18:02:33,382 - __main__ - INFO - 243 -  chat_id - [202439042] : message - евроремонт
2017-08-02 18:02:37,371 - __main__ - INFO - 243 -  chat_id - [202439042] : message - да
2017-08-02 18:02:46,051 - __main__ - INFO - 243 -  chat_id - [202439042] : message - ADSL
2017-08-02 18:02:52,799 - __main__ - INFO - 243 -  chat_id - [202439042] : message - раздельный
2017-08-02 18:02:59,342 - __main__ - INFO - 243 -  chat_id - [202439042] : message - да
2017-08-02 18:03:02,771 - __main__ - INFO - 243 -  chat_id - [202439042] : message - да
2017-08-02 18:03:12,976 - __main__ - INFO - 243 -  chat_id - [202439042] : message - частично меблирована
2017-08-02 18:03:12,976 - __main__ - INFO - 266 -  chat_id - [202439042] : message - got all data - |Алатауский р-н|мкр. Коктем-2|8|евроремонт|да|ADSL|раздельный|да|да|частично меблирована
2017-08-02 18:03:13,546 - __main__ - INFO - 270 -  chat_id - [202439042] : message - finished, predicted price - 1234
2017-08-02 18:03:26,108 - __main__ - INFO - 282 -  chat_id - [202439042] : message - User's feedback = нормально
2017-08-02 18:11:23,786 - __main__ - INFO - 229 -  chat_id - [202439042] : Asking is started!
2017-08-02 18:11:27,370 - __main__ - INFO - 242 -  chat_id - [202439042] : message - Алатауский р-н
2017-08-02 18:11:37,017 - __main__ - INFO - 242 -  chat_id - [202439042] : message - мкр. Коктем-2
2017-08-02 18:11:40,639 - __main__ - INFO - 242 -  chat_id - [202439042] : message - 8
2017-08-02 18:11:43,972 - __main__ - INFO - 242 -  chat_id - [202439042] : message - евроремонт
2017-08-02 18:11:48,236 - __main__ - INFO - 242 -  chat_id - [202439042] : message - нет
2017-08-02 18:13:45,540 - __main__ - INFO - 291 -  chat_id - [202439042] : message - нет
2017-08-02 18:13:56,154 - __main__ - INFO - 229 -  chat_id - [202439042] : Asking is started!
2017-08-02 18:13:59,055 - __main__ - INFO - 242 -  chat_id - [202439042] : message - Алатауский р-н
2017-08-02 18:14:08,414 - __main__ - INFO - 242 -  chat_id - [202439042] : message - мкр. Коктем-2
2017-08-02 18:14:11,083 - __main__ - INFO - 242 -  chat_id - [202439042] : message - 8
2017-08-02 18:14:13,890 - __main__ - INFO - 242 -  chat_id - [202439042] : message - евроремонт
2017-08-02 18:14:16,993 - __main__ - INFO - 242 -  chat_id - [202439042] : message - нет
2017-08-02 18:14:19,405 - __main__ - INFO - 242 -  chat_id - [202439042] : message - ADSL
2017-08-02 18:14:26,132 - __main__ - INFO - 242 -  chat_id - [202439042] : message - раздельный
2017-08-02 18:14:29,129 - __main__ - INFO - 242 -  chat_id - [202439042] : message - да
2017-08-02 18:14:33,014 - __main__ - INFO - 242 -  chat_id - [202439042] : message - нет
2017-08-02 18:14:35,247 - __main__ - INFO - 242 -  chat_id - [202439042] : message - частично меблирована
2017-08-02 18:14:35,247 - __main__ - INFO - 265 -  chat_id - [202439042] : message - got all data - |Алатауский р-н|мкр. Коктем-2|8|евроремонт|0|ADSL|раздельный|1|0|0.5
2017-08-02 18:14:35,500 - __main__ - INFO - 269 -  chat_id - [202439042] : message - finished, predicted price - 1234
2017-08-02 18:14:38,933 - __main__ - INFO - 281 -  chat_id - [202439042] : message - User's feedback = нормально
2017-08-02 18:15:49,894 - __main__ - INFO - 229 -  chat_id - [202439042] : Asking is started!
2017-08-02 18:15:55,030 - __main__ - INFO - 242 -  chat_id - [202439042] : message - Алмалинский р-н
2017-08-02 18:16:10,304 - __main__ - INFO - 242 -  chat_id - [202439042] : message - 7
2017-08-02 18:16:14,953 - __main__ - INFO - 242 -  chat_id - [202439042] : message - 8
2017-08-02 18:16:17,975 - __main__ - INFO - 242 -  chat_id - [202439042] : message - среднее
2017-08-02 18:16:19,949 - __main__ - INFO - 242 -  chat_id - [202439042] : message - нет
2017-08-02 18:16:22,049 - __main__ - INFO - 242 -  chat_id - [202439042] : message - через TV кабель
2017-08-02 18:16:33,751 - __main__ - INFO - 242 -  chat_id - [202439042] : message - 2 с/у и более
2017-08-02 18:16:35,845 - __main__ - INFO - 242 -  chat_id - [202439042] : message - нет
2017-08-02 18:16:38,459 - __main__ - INFO - 242 -  chat_id - [202439042] : message - да
2017-08-02 18:16:41,323 - __main__ - INFO - 242 -  chat_id - [202439042] : message - полностью меблирована
2017-08-02 18:16:41,323 - __main__ - INFO - 265 -  chat_id - [202439042] : message - got all data - |Алатауский р-н|мкр. Коктем-2|8|евроремонт|0|ADSL|раздельный|1|0|0.5|Алмалинский р-н|7|8|среднее|0|через TV кабель|2 с/у и более|0|1|1.0
2017-08-02 18:16:41,589 - __main__ - INFO - 269 -  chat_id - [202439042] : message - finished, predicted price - 1234
2017-08-02 18:16:45,065 - __main__ - INFO - 281 -  chat_id - [202439042] : message - User's feedback = дорого
2017-08-02 18:16:50,688 - __main__ - INFO - 229 -  chat_id - [202439042] : Asking is started!
2017-08-02 18:16:54,915 - __main__ - INFO - 242 -  chat_id - [202439042] : message - Алатауский р-н
2017-08-02 18:16:59,175 - __main__ - INFO - 242 -  chat_id - [202439042] : message - dfdsfsdf
2017-08-02 18:17:03,341 - __main__ - INFO - 242 -  chat_id - [202439042] : message - 8
2017-08-02 18:17:07,506 - __main__ - INFO - 242 -  chat_id - [202439042] : message - свободная планировка
2017-08-02 18:17:11,009 - __main__ - INFO - 242 -  chat_id - [202439042] : message - нет
2017-08-02 18:17:15,417 - __main__ - INFO - 242 -  chat_id - [202439042] : message - оптика
2017-08-02 18:17:20,368 - __main__ - INFO - 242 -  chat_id - [202439042] : message - нет
2017-08-02 18:17:23,320 - __main__ - INFO - 242 -  chat_id - [202439042] : message - нет
2017-08-02 18:17:25,837 - __main__ - INFO - 242 -  chat_id - [202439042] : message - да
2017-08-02 18:17:28,536 - __main__ - INFO - 242 -  chat_id - [202439042] : message - частично меблирована
2017-08-02 18:17:28,536 - __main__ - INFO - 265 -  chat_id - [202439042] : message - got all data - |Алатауский р-н|мкр. Коктем-2|8|евроремонт|0|ADSL|раздельный|1|0|0.5|Алмалинский р-н|7|8|среднее|0|через TV кабель|2 с/у и более|0|1|1.0|Алатауский р-н|dfdsfsdf|8|свободная планировка|0|оптика|нет|0|1|0.5
2017-08-02 18:17:28,807 - __main__ - INFO - 269 -  chat_id - [202439042] : message - finished, predicted price - 1234
2017-08-02 18:17:31,841 - __main__ - INFO - 281 -  chat_id - [202439042] : message - User's feedback = очень дорого
2017-08-02 18:29:01,077 - __main__ - INFO - 229 -  chat_id - [202439042] : Asking is started!
2017-08-02 18:29:07,218 - __main__ - INFO - 242 -  chat_id - [202439042] : message - 3
2017-08-02 18:29:11,261 - __main__ - INFO - 242 -  chat_id - [202439042] : message - монолитный
2017-08-02 18:29:18,157 - __main__ - INFO - 242 -  chat_id - [202439042] : message - 20 10
2017-08-02 18:29:24,347 - __main__ - INFO - 242 -  chat_id - [202439042] : message - 2010 г
2017-08-02 18:29:32,928 - __main__ - INFO - 242 -  chat_id - [202439042] : message - 3 из 9
2017-08-02 18:29:39,554 - __main__ - INFO - 242 -  chat_id - [202439042] : message - 82.7
2017-08-02 18:29:45,251 - __main__ - INFO - 242 -  chat_id - [202439042] : message - нет
2017-08-02 18:29:48,845 - __main__ - INFO - 242 -  chat_id - [202439042] : message - Алатауский р-н
2017-08-02 18:29:59,537 - __main__ - INFO - 242 -  chat_id - [202439042] : message - мкр. Коктем-2
2017-08-02 18:42:55,259 - __main__ - INFO - 229 -  chat_id - [202439042] : Asking is started!
2017-08-02 18:43:00,160 - __main__ - INFO - 242 -  chat_id - [202439042] : message - 3
2017-08-02 18:43:04,647 - __main__ - INFO - 242 -  chat_id - [202439042] : message - монолитный
2017-08-02 18:43:10,389 - __main__ - INFO - 242 -  chat_id - [202439042] : message - кирпичный
2017-08-02 18:43:21,661 - __main__ - INFO - 242 -  chat_id - [202439042] : message - 2010
2017-08-02 18:43:37,626 - __main__ - INFO - 242 -  chat_id - [202439042] : message - 7 из 12
2017-08-02 18:43:45,328 - __main__ - INFO - 242 -  chat_id - [202439042] : message - 81.1
2017-08-02 18:43:50,620 - __main__ - INFO - 242 -  chat_id - [202439042] : message - нет
2017-08-02 18:43:55,750 - __main__ - INFO - 242 -  chat_id - [202439042] : message - Бостандыкский р-н
2017-08-02 18:44:03,972 - __main__ - INFO - 242 -  chat_id - [202439042] : message - мкр. Коктем-2
2017-08-02 18:44:13,131 - __main__ - INFO - 242 -  chat_id - [202439042] : message - 8
2017-08-02 18:44:20,467 - __main__ - INFO - 242 -  chat_id - [202439042] : message - евроремонт
2017-08-02 18:44:24,566 - __main__ - INFO - 242 -  chat_id - [202439042] : message - нет
2017-08-02 18:44:33,833 - __main__ - INFO - 242 -  chat_id - [202439042] : message - проводной
2017-08-02 18:44:36,720 - __main__ - INFO - 242 -  chat_id - [202439042] : message - совмещенный
2017-08-02 18:44:40,360 - __main__ - INFO - 242 -  chat_id - [202439042] : message - нет
2017-08-02 18:44:43,349 - __main__ - INFO - 242 -  chat_id - [202439042] : message - нет
2017-08-02 18:44:46,265 - __main__ - INFO - 242 -  chat_id - [202439042] : message - полностью меблирована
2017-08-02 18:44:46,265 - __main__ - ERROR - 285 -  chat_id - [202439042] : message - 'Flat' object has no attribute 'values'
2017-08-02 18:47:03,607 - __main__ - INFO - 229 -  chat_id - [202439042] : Asking is started!
2017-08-02 18:47:07,569 - __main__ - INFO - 242 -  chat_id - [202439042] : message - 3
2017-08-02 18:47:11,558 - __main__ - INFO - 242 -  chat_id - [202439042] : message - панельный
2017-08-02 18:47:18,463 - __main__ - INFO - 242 -  chat_id - [202439042] : message - 2008
2017-08-02 18:47:30,299 - __main__ - INFO - 242 -  chat_id - [202439042] : message - 7 из 10
2017-08-02 18:47:36,827 - __main__ - INFO - 242 -  chat_id - [202439042] : message - 85.6
2017-08-02 18:47:40,517 - __main__ - INFO - 242 -  chat_id - [202439042] : message - нет
2017-08-02 18:47:44,495 - __main__ - INFO - 242 -  chat_id - [202439042] : message - Жетысуский р-н
2017-08-02 18:47:50,493 - __main__ - INFO - 242 -  chat_id - [202439042] : message - мкр.Коктем-2
2017-08-02 18:47:55,357 - __main__ - INFO - 242 -  chat_id - [202439042] : message - 8
2017-08-02 18:47:59,812 - __main__ - INFO - 242 -  chat_id - [202439042] : message - евроремонт
2017-08-02 18:48:02,942 - __main__ - INFO - 242 -  chat_id - [202439042] : message - нет
2017-08-02 18:48:07,329 - __main__ - INFO - 242 -  chat_id - [202439042] : message - ADSL
2017-08-02 18:48:10,786 - __main__ - INFO - 242 -  chat_id - [202439042] : message - совмещенный
2017-08-02 18:48:14,538 - __main__ - INFO - 242 -  chat_id - [202439042] : message - нет
2017-08-02 18:48:18,788 - __main__ - INFO - 242 -  chat_id - [202439042] : message - нет
2017-08-02 18:48:22,650 - __main__ - INFO - 242 -  chat_id - [202439042] : message - пустая
2017-08-02 18:48:22,650 - __main__ - INFO - 267 -  chat_id - [202439042] : message - got all data - dict_values([0, '3', 'панельный', '2008', '7|10', '85.6', '0', 'Жетысуский р-н', 'мкр.Коктем-2', '8', 'евроремонт', '0', 'ADSL', 'совмещенный', '0', '0', '0.0'])
2017-08-02 18:48:22,937 - __main__ - INFO - 271 -  chat_id - [202439042] : message - finished, predicted price - 1234
2017-08-02 18:48:28,530 - __main__ - INFO - 283 -  chat_id - [202439042] : message - User's feedback = нормально
2017-08-02 19:07:52,062 - __main__ - INFO - 231 -  chat_id - [202439042] : Asking is started!
2017-08-02 19:07:56,039 - __main__ - INFO - 244 -  chat_id - [202439042] : message - 3
2017-08-02 19:08:00,268 - __main__ - INFO - 244 -  chat_id - [202439042] : message - кирпичный
2017-08-02 19:08:07,565 - __main__ - INFO - 244 -  chat_id - [202439042] : message - 2010
2017-08-02 19:08:23,600 - __main__ - INFO - 244 -  chat_id - [202439042] : message - 9 из 11
2017-08-02 19:08:28,942 - __main__ - INFO - 244 -  chat_id - [202439042] : message - 82.6
2017-08-02 19:08:32,637 - __main__ - INFO - 244 -  chat_id - [202439042] : message - нет
2017-08-02 19:08:37,074 - __main__ - INFO - 244 -  chat_id - [202439042] : message - Медеуский р-н
2017-08-02 19:08:44,234 - __main__ - INFO - 244 -  chat_id - [202439042] : message - мкр. Коктем-2
2017-08-02 19:08:49,671 - __main__ - INFO - 244 -  chat_id - [202439042] : message - 8
2017-08-02 19:08:53,458 - __main__ - INFO - 244 -  chat_id - [202439042] : message - хорошее
2017-08-02 19:08:57,315 - __main__ - INFO - 244 -  chat_id - [202439042] : message - да
2017-08-02 19:09:01,462 - __main__ - INFO - 244 -  chat_id - [202439042] : message - оптика
2017-08-02 19:09:05,923 - __main__ - INFO - 244 -  chat_id - [202439042] : message - раздельный
2017-08-02 19:09:26,928 - __main__ - INFO - 244 -  chat_id - [202439042] : message - нет
2017-08-02 19:09:33,975 - __main__ - INFO - 244 -  chat_id - [202439042] : message - да
2017-08-02 19:09:39,234 - __main__ - INFO - 244 -  chat_id - [202439042] : message - частично меблирована
2017-08-02 19:09:39,234 - __main__ - INFO - 277 -  chat_id - [202439042] : message - got all data - 3|кирпичный|хорошее|Медеуский р-н|оптика|раздельный|2010|82.6|0|1|1|0.5|0|9|11|мкр. Коктем-2, 8
2017-08-02 19:09:39,517 - __main__ - INFO - 281 -  chat_id - [202439042] : message - finished, predicted price - 1234
2017-08-02 19:09:53,687 - __main__ - INFO - 293 -  chat_id - [202439042] : message - User's feedback = нормально
